TN:
SF:controllers\scores.js
FN:3,addNew
FNF:1
FNH:1
FNDA:2,addNew
DA:1,1
DA:4,2
DA:5,2
DA:6,2
DA:7,1
DA:9,1
DA:13,1
LF:7
LH:7
BRF:0
BRH:0
end_of_record
TN:
SF:controllers\users.js
FN:3,login
FN:18,register
FNF:2
FNH:2
FNDA:2,login
FNDA:3,register
DA:1,1
DA:4,2
DA:5,2
DA:6,2
DA:8,2
DA:9,2
DA:12,0
DA:14,0
DA:19,3
DA:20,3
DA:21,3
DA:22,3
DA:24,3
DA:28,1
LF:14
LH:12
BRDA:8,0,0,2
BRDA:8,0,1,0
BRDA:8,1,0,2
BRDA:8,1,1,1
BRF:4
BRH:3
end_of_record
TN:
SF:db\connect.js
FNF:0
FNH:0
DA:1,4
DA:3,4
DA:7,4
DA:9,4
LF:4
LH:4
BRF:0
BRH:0
end_of_record
TN:
SF:models\Score.js
FN:4,(anonymous_0)
FN:8,(anonymous_1)
FNF:2
FNH:0
FNDA:0,(anonymous_0)
FNDA:0,(anonymous_1)
DA:1,2
DA:5,0
DA:6,0
DA:9,0
DA:10,0
DA:11,0
DA:12,0
DA:13,0
DA:15,0
DA:20,2
LF:10
LH:2
BRF:0
BRH:0
end_of_record
TN:
SF:models\User.js
FN:4,(anonymous_0)
FN:10,(anonymous_1)
FN:23,(anonymous_2)
FNF:3
FNH:3
FNDA:4,(anonymous_0)
FNDA:2,(anonymous_1)
FNDA:1,(anonymous_2)
DA:1,2
DA:5,4
DA:6,4
DA:7,4
DA:11,2
DA:12,2
DA:13,2
DA:14,1
DA:16,1
DA:18,0
DA:19,0
DA:24,1
DA:25,1
DA:26,1
DA:27,1
DA:28,1
DA:29,1
DA:31,0
DA:36,2
LF:19
LH:16
BRDA:13,0,0,1
BRDA:13,0,1,1
BRF:2
BRH:2
end_of_record
