TN:
SF:controllers\scores.js
FN:3,addNew
FN:13,getLatestScore
FNF:2
FNH:1
FNDA:5,addNew
FNDA:0,getLatestScore
DA:1,2
DA:4,5
DA:5,5
DA:6,5
DA:7,2
DA:9,3
DA:14,0
DA:15,0
DA:16,0
DA:17,0
DA:19,0
DA:24,2
LF:12
LH:7
BRF:0
BRH:0
end_of_record
TN:
SF:controllers\users.js
FN:3,login
FN:18,register
FNF:2
FNH:2
FNDA:5,login
FNDA:6,register
DA:1,2
DA:4,5
DA:5,5
DA:6,5
DA:8,5
DA:9,4
DA:12,1
DA:14,0
DA:19,6
DA:20,6
DA:21,6
DA:22,4
DA:24,5
DA:28,2
LF:14
LH:13
BRDA:8,0,0,4
BRDA:8,0,1,1
BRDA:8,1,0,5
BRDA:8,1,1,3
BRF:4
BRH:4
end_of_record
TN:
SF:db\connect.js
FNF:0
FNH:0
DA:1,6
DA:3,6
DA:7,6
DA:9,6
LF:4
LH:4
BRF:0
BRH:0
end_of_record
TN:
SF:models\Score.js
FN:4,(anonymous_0)
FN:8,(anonymous_1)
FN:19,(anonymous_2)
FNF:3
FNH:0
FNDA:0,(anonymous_0)
FNDA:0,(anonymous_1)
FNDA:0,(anonymous_2)
DA:1,3
DA:5,0
DA:6,0
DA:9,0
DA:10,0
DA:11,0
DA:12,0
DA:13,0
DA:15,0
DA:20,0
DA:21,0
DA:22,0
DA:23,0
DA:25,0
DA:27,0
DA:32,3
LF:16
LH:2
BRDA:22,0,0,0
BRDA:22,0,1,0
BRF:2
BRH:0
end_of_record
TN:
SF:models\User.js
FN:4,(anonymous_0)
FN:10,(anonymous_1)
FN:23,(anonymous_2)
FNF:3
FNH:3
FNDA:4,(anonymous_0)
FNDA:2,(anonymous_1)
FNDA:1,(anonymous_2)
DA:1,3
DA:5,4
DA:6,4
DA:7,4
DA:11,2
DA:12,2
DA:13,2
DA:14,1
DA:16,1
DA:18,0
DA:19,0
DA:24,1
DA:25,1
DA:26,1
DA:27,1
DA:28,1
DA:29,1
DA:31,0
DA:36,3
LF:19
LH:16
BRDA:13,0,0,1
BRDA:13,0,1,1
BRF:2
BRH:2
end_of_record
TN:
SF:routers\scores.js
FNF:0
FNH:0
DA:1,1
DA:2,1
DA:4,1
DA:6,1
DA:7,1
DA:9,1
LF:6
LH:6
BRF:0
BRH:0
end_of_record
TN:
SF:routers\users.js
FNF:0
FNH:0
DA:1,1
DA:3,1
DA:5,1
DA:7,1
DA:8,1
DA:10,1
LF:6
LH:6
BRF:0
BRH:0
end_of_record
